[1mtrue.[0m

consult('inputs.pro'),consult('cmeans.pro').


[1mtrue.[0m

/*-----------------------------------------------------------------------------------------------------------------------------------------------------------------------*/

distanceR2([1.00,2.00,3.00],[3.00,2.00,1.00],D).


D = 8.0.

distanceR2([1.00,2.00,3.00],[1.00,0.00,1.00],D).


D = 8.0.

distanceR2([1.00,2.00,3.00],[1.00,1.00,1.00],D).


D = 5.0.

/*-----------------------------------------------------------------------------------------------------------------------------------------------------------------------*/

bigH(H), distanceSqAllMeans([47.6698002,62.448],H,What).


H = [[47.698002, 62.48], [-49.005001, -41.327999], [45.958, 29.403], [-60.546001, -50.702], [45.403, 52.994999], [-49.021, -52.053001], [29.788, 58.993], [-40.433998|...], [...|...]|...],
What = [0.0, 20127.571445602007, 1097.1155359600039, 24526.929309464005, 95.23227815000496, 22472.373665942006, 332.92734064000405, 17537.187875314, 566.071087148005|...].

bigH(H), distanceSqAllMeans([45.9958,29.4403],H,What).


H = [[47.698002, 62.48], [-49.005001, -41.327999], [45.958, 29.403], [-60.546001, -50.702], [45.403, 52.994999], [-49.021, -52.053001], [29.788, 58.993], [-40.433998|...], [...|...]|...],
What = [1097.1155359600039, 14020.845778464001, 0.0, 17759.913254007995, 556.8904418160012, 15656.090539912002, 1137.0370000000003, 11788.743942900004, 532.614512190001|...].

bigH(H), distanceSqAllMeans([-40.4433998,-36.3362999],H,What).


H = [[47.698002, 62.48], [-49.005001, -41.327999], [45.958, 29.403], [-60.546001, -50.702], [45.403, 52.994999], [-49.021, -52.053001], [29.788, 58.993], [-40.433998|...], [...|...]|...],
What = [17537.187875314, 98.11331742600892, 11788.743942900004, 610.0996143500097, 15352.842032220007, 319.912766108008, 14023.895548400005, 0.0, 11830.297388592007|...].

bigH(H), distanceSqAllMeans([47.6698002,62.448],H,Dists),listMinPos(Dists,Where).


H = [[47.698002, 62.48], [-49.005001, -41.327999], [45.958, 29.403], [-60.546001, -50.702], [45.403, 52.994999], [-49.021, -52.053001], [29.788, 58.993], [-40.433998|...], [...|...]|...],
Dists = [0.0, 20127.571445602007, 1097.1155359600039, 24526.929309464005, 95.23227815000496, 22472.373665942006, 332.92734064000405, 17537.187875314, 566.071087148005|...],
Where = 0.


bigH(H), distanceSqAllMeans([45.9958, 29.4403],H,Dists),listMinPos(Dists,Where).


H = [[47.698002, 62.48], [-49.005001, -41.327999], [45.958, 29.403], [-60.546001, -50.702], [45.403, 52.994999], [-49.021, -52.053001], [29.788, 58.993], [-40.433998|...], [...|...]|...],
Dists = [1097.1155359600039, 14020.845778464001, 0.0, 17759.913254007995, 556.8904418160012, 15656.090539912002, 1137.0370000000003, 11788.743942900004, 532.614512190001|...],
Where = 2.

bigH(H), distanceSqAllMeans([-40.4433998,-36.3362999],H,Dists),listMinPos(Dists,Where).


H = [[47.698002, 62.48], [-49.005001, -41.327999], [45.958, 29.403], [-60.546001, -50.702], [45.403, 52.994999], [-49.021, -52.053001], [29.788, 58.993], [-40.433998|...], [...|...]|...],
Dists = [17537.187875314, 98.11331742600892, 11788.743942900004, 610.0996143500097, 15352.842032220007, 319.912766108008, 14023.895548400005, 0.0, 11830.297388592007|...],
Where = 7.

/*-----------------------------------------------------------------------------------------------------------------------------------------------------------------------*/

elsum([1.00,2.00,3.00,4.00],[6.00,7.00,8.00,9.00],Answer).


Answer = [7.0, 9.0, 11.0, 13.0].

elsum([1.00,1.00,1.00,1.00],[6.00,7.00,8.00,9.00],Answer).


Answer = [7.0, 8.0, 9.0, 10.0].

elsum([1.00,1.00,1.00,1.00],[1.00,1.00,1.00,1.00],Answer).


Answer = [2.0, 2.0, 2.0, 2.0].

/*-----------------------------------------------------------------------------------------------------------------------------------------------------------------------*/

scaleList([1.00,2.00,3.00],10,Result).


Result = [0.1, 0.2, 0.3].

scaleList([1.00,2.00,3.00],0,Result).


Result = [1.0, 2.0, 3.0].

scaleList([1.00,2.00,3.00],100,Result).


Result = [0.01, 0.02, 0.03].

/*-----------------------------------------------------------------------------------------------------------------------------------------------------------------------*/

zeroes(6,Alist).


Alist = [0.0, 0.0, 0.0, 0.0, 0.0, 0.0].

zeroes(3,Alist).


Alist = [0.0, 0.0, 0.0].

zeroes(10,Alist).


Alist = [0.0, 0.0, 0.0, 0.0, 0.0, 0.0, 0.0, 0.0, 0.0|...].

zeroes(1,Alist).


Alist = [0.0].

/*-----------------------------------------------------------------------------------------------------------------------------------------------------------------------*/

zeroMeansSet(4,5,TheSet).


TheSet = [[0.0, 0.0, 0.0, 0.0, 0.0], [0.0, 0.0, 0.0, 0.0, 0.0], [0.0, 0.0, 0.0, 0.0, 0.0], [0.0, 0.0, 0.0, 0.0, 0.0]].

zeroMeansSet(2,2,TheSet).


TheSet = [[0.0, 0.0], [0.0, 0.0]].

zeroMeansSet(5,2,TheSet).


TheSet = [[0.0, 0.0], [0.0, 0.0], [0.0, 0.0], [0.0, 0.0], [0.0, 0.0]].

/*-----------------------------------------------------------------------------------------------------------------------------------------------------------------------*/

zeroVDiff([1,2,3,4],[4,3,2,1]).


Correct to: "zeroVdiff([1,2,3,4],[4,3,2,1])"? yyes
[1;31mfalse.[0m

zeroVdiff([1,2,3,4],[4,3,2,1]).


[1;31mfalse.[0m

zeroVdiff([1,2,3,4],[1,1,1,1]).


[1;31mfalse.[0m

zeroVdiff([1,1,1,1],[1,1,1,1]).


[1mtrue.[0m

zeroVdiff([1,2,3,4],[1,2,3,4]).


[1mtrue.[0m

/*-----------------------------------------------------------------------------------------------------------------------------------------------------------------------*/

zeroSetDiff([[1,2,3],[1,2,4]],[[1,2,3],[1,2,3]]).


[1;31mfalse.[0m

zeroSetDiff([[1,2,3],[1,2,3]],[[1,2,3],[1,2,3]]).


[1mtrue.[0m

zeroSetDiff([[1,2,3],[1,2,3]],[[1,2],[1,2]]).


[1;31mfalse.[0m

zeroSetDiff([[1,2],[1,2]],[[1,2],[1,2]]).


[1mtrue.[0m

/*-----------------------------------------------------------------------------------------------------------------------------------------------------------------------*/

zeroCounts(8,Out).


Out = [0, 0, 0, 0, 0, 0, 0, 0].

zeroCounts(3,Out).


Out = [0, 0, 0].

zeroCounts(5,Out).


Out = [0, 0, 0, 0, 0].

zeroCounts(6,S), updateCounts(0,S,Updated).


S = [0, 0, 0, 0, 0, 0],
Updated = [1, 0, 0, 0, 0, 0].

zeroCounts(6,S), updateCounts(3,S,Updated).


S = [0, 0, 0, 0, 0, 0],
Updated = [0, 0, 0, 1, 0, 0].

zeroCounts(6,S), updateCounts(3,S,Updated), updateCounts(3,Updated,Overall).


S = [0, 0, 0, 0, 0, 0],
Updated = [0, 0, 0, 1, 0, 0],
Overall = [0, 0, 0, 2, 0, 0].

zeroCounts(6,S), updateCounts(3,S,Updated), updateCounts(3,Updated,Overall),updateCounts(0,Overall,Overall2).


S = [0, 0, 0, 0, 0, 0],
Updated = [0, 0, 0, 1, 0, 0],
Overall = [0, 0, 0, 2, 0, 0],
Overall2 = [1, 0, 0, 2, 0, 0].

/*-----------------------------------------------------------------------------------------------------------------------------------------------------------------------*/

zeroMeansSet(4,3,M),updateMeansSum([1.00,2.00,3.00],0,M,Result).


M = [[0.0, 0.0, 0.0], [0.0, 0.0, 0.0], [0.0, 0.0, 0.0], [0.0, 0.0, 0.0]],
Result = [[1.0, 2.0, 3.0], [0.0, 0.0, 0.0], [0.0, 0.0, 0.0], [0.0, 0.0, 0.0]].

zeroMeansSet(4,3,M),updateMeansSum([1.00,2.00,3.00],2,M,Result).


M = [[0.0, 0.0, 0.0], [0.0, 0.0, 0.0], [0.0, 0.0, 0.0], [0.0, 0.0, 0.0]],
Result = [[0.0, 0.0, 0.0], [0.0, 0.0, 0.0], [1.0, 2.0, 3.0], [0.0, 0.0, 0.0]].

zeroMeansSet(4,3,M),updateMeansSum([1.00,2.00,3.00],2,M,Result),updateMeansSum([1.00,1.00,1.00],2,Result,Final).


M = [[0.0, 0.0, 0.0], [0.0, 0.0, 0.0], [0.0, 0.0, 0.0], [0.0, 0.0, 0.0]],
Result = [[0.0, 0.0, 0.0], [0.0, 0.0, 0.0], [1.0, 2.0, 3.0], [0.0, 0.0, 0.0]],
Final = [[0.0, 0.0, 0.0], [0.0, 0.0, 0.0], [2.0, 3.0, 4.0], [0.0, 0.0, 0.0]].

/*-----------------------------------------------------------------------------------------------------------------------------------------------------------------------*/

formNewMeans([[100.55],[-29.11]],[3,5],NewMeans).


NewMeans = [[33.5], [-5.82]].

formNewMeans([[100.55,20.88],[-29.11,-15.11]],[3,5],NewMeans).


NewMeans = [[33.5, 6.933333333333334], [-5.82, -3.02]].

formNewMeans([[100.55,20.88],[-29.11,-15.11]],[1,1],NewMeans).


NewMeans = [[100.5, 20.8], [-29.1, -15.1]].

/*-----------------------------------------------------------------------------------------------------------------------------------------------------------------------*/

reclassify([[47.6698002,62.448],[-49.0005001,-41.3327999]],[[1.00,1.00],[-1.00,-2.00]],NewMu).


NewMu = [[47.698002, 62.48], [-49.005001, -41.327999]].

reclassify([[47.6698002,62.448],[-49.0005001,-41.3327999]],[[1.00,1.00],[-1.00,-2.00]],NewMu), reclassify(;2D),reclassify([[47.6698002,62.448],[-49.0005001,-41.3327999]],NewMu,Mu2).



H = [[47.698002, 62.48], [-49.005001, -41.327999], [45.958, 29.403], [-60.546001, -50.702], [45.403, 52.994999], [-49.021, -52.053001], [29.788, 58.993], [-40.433998|...], [...|...]|...],
Mu1 = [[7.09669729142857, 6.978222742857141], [-59.76440036000001, -62.452799840000004]].

bigH(H),reclassify(H,[[-57.2244999,-43.9969002],[-68.7746002,-55.5521999]],Mu1), reclassify(H,Mu1,Mu2).


H = [[47.698002, 62.48], [-49.005001, -41.327999], [45.958, 29.403], [-60.546001, -50.702], [45.403, 52.994999], [-49.021, -52.053001], [29.788, 58.993], [-40.433998|...], [...|...]|...],
Mu1 = [[7.09669729142857, 6.978222742857141], [-59.76440036000001, -62.452799840000004]],
Mu2 = [[48.58256020000002, 49.11889989000001], [-51.10444003, -52.52021005]].

bigH(H),reclassify(H,[[-57.2244999,-43.9969002],[-68.7746002,-55.5521999]],Mu1), reclassify(H,Mu1,Mu2), reclassify(H,Mu2,Mu3).


H = [[47.698002, 62.48], [-49.005001, -41.327999], [45.958, 29.403], [-60.546001, -50.702], [45.403, 52.994999], [-49.021, -52.053001], [29.788, 58.993], [-40.433998|...], [...|...]|...],
Mu1 = [[7.09669729142857, 6.978222742857141], [-59.76440036000001, -62.452799840000004]],
Mu2 = Mu3, Mu3 = [[48.58256020000002, 49.11889989000001], [-51.10444003, -52.52021005]].

/*-----------------------------------------------------------------------------------------------------------------------------------------------------------------------*/

bigH(H),cmeans(H,[[1.00,1.00],[-1.00,-2.00]],MuFinal).


H = [[47.698002, 62.48], [-49.005001, -41.327999], [45.958, 29.403], [-60.546001, -50.702], [45.403, 52.994999], [-49.021, -52.053001], [29.788, 58.993], [-40.433998|...], [...|...]|...],
MuFinal = [[48.58256020000002, 49.11889989000001], [-51.10444003, -52.52021005]].

bigH(H),cmeans(H,[[10.33,33.00],[-31.55555,-21.009876]],MuFinal).


H = [[47.698002, 62.48], [-49.005001, -41.327999], [45.958, 29.403], [-60.546001, -50.702], [45.403, 52.994999], [-49.021, -52.053001], [29.788, 58.993], [-40.433998|...], [...|...]|...],
MuFinal = [[48.58256020000002, 49.11889989000001], [-51.10444003, -52.52021005]].

bigH(H),cmeans(H,[[-57.2244999,-43.9969002],[-68.7746002,-55.5521999]],MuFinal).


H = [[47.698002, 62.48], [-49.005001, -41.327999], [45.958, 29.403], [-60.546001, -50.702], [45.403, 52.994999], [-49.021, -52.053001], [29.788, 58.993], [-40.433998|...], [...|...]|...],
MuFinal = [[48.58256020000002, 49.11889989000001], [-51.10444003, -52.52021005]].

noprotocol.


